\BOOKMARK [1][-]{section.1}{Introduzione}{}% 1
\BOOKMARK [2][-]{subsection.1.1}{Scopo del Documento}{section.1}% 2
\BOOKMARK [2][-]{subsection.1.2}{Glossario}{section.1}% 3
\BOOKMARK [2][-]{subsection.1.3}{Riferimenti}{section.1}% 4
\BOOKMARK [3][-]{subsubsection.1.3.1}{Normativi}{subsection.1.3}% 5
\BOOKMARK [3][-]{subsubsection.1.3.2}{Informativi}{subsection.1.3}% 6
\BOOKMARK [1][-]{section.2}{Capitolato C1}{}% 7
\BOOKMARK [2][-]{subsection.2.1}{Titolo del capitolato}{section.2}% 8
\BOOKMARK [2][-]{subsection.2.2}{Descrizione del capitolo}{section.2}% 9
\BOOKMARK [2][-]{subsection.2.3}{Tecnologie coinvolte}{section.2}% 10
\BOOKMARK [2][-]{subsection.2.4}{Vincoli}{section.2}% 11
\BOOKMARK [2][-]{subsection.2.5}{Aspetti positivi}{section.2}% 12
\BOOKMARK [2][-]{subsection.2.6}{Aspetti critici}{section.2}% 13
\BOOKMARK [2][-]{subsection.2.7}{Conclusioni}{section.2}% 14
\BOOKMARK [1][-]{section.3}{Capitolato C2}{}% 15
\BOOKMARK [2][-]{subsection.3.1}{Titolo del capitolato}{section.3}% 16
\BOOKMARK [2][-]{subsection.3.2}{Descrizione del capitolo}{section.3}% 17
\BOOKMARK [2][-]{subsection.3.3}{Tecnologie coinvolte}{section.3}% 18
\BOOKMARK [2][-]{subsection.3.4}{Vincoli}{section.3}% 19
\BOOKMARK [2][-]{subsection.3.5}{Aspetti positivi}{section.3}% 20
\BOOKMARK [2][-]{subsection.3.6}{Aspetti critici}{section.3}% 21
\BOOKMARK [2][-]{subsection.3.7}{Conclusioni}{section.3}% 22
\BOOKMARK [1][-]{section.4}{Capitolato C3}{}% 23
\BOOKMARK [2][-]{subsection.4.1}{Titolo del capitolato}{section.4}% 24
\BOOKMARK [2][-]{subsection.4.2}{Descrizione del capitolo}{section.4}% 25
\BOOKMARK [2][-]{subsection.4.3}{Tecnologie coinvolte}{section.4}% 26
\BOOKMARK [2][-]{subsection.4.4}{Vincoli}{section.4}% 27
\BOOKMARK [2][-]{subsection.4.5}{Aspetti positivi}{section.4}% 28
\BOOKMARK [2][-]{subsection.4.6}{Aspetti critici}{section.4}% 29
\BOOKMARK [2][-]{subsection.4.7}{Conclusioni}{section.4}% 30
\BOOKMARK [1][-]{section.5}{Capitolato C4}{}% 31
\BOOKMARK [2][-]{subsection.5.1}{Titolo del capitolato}{section.5}% 32
\BOOKMARK [2][-]{subsection.5.2}{Descrizione del capitolo}{section.5}% 33
\BOOKMARK [2][-]{subsection.5.3}{Tecnologie coinvolte}{section.5}% 34
\BOOKMARK [2][-]{subsection.5.4}{Vincoli}{section.5}% 35
\BOOKMARK [2][-]{subsection.5.5}{Aspetti positivi}{section.5}% 36
\BOOKMARK [2][-]{subsection.5.6}{Aspetti critici}{section.5}% 37
\BOOKMARK [2][-]{subsection.5.7}{Conclusioni}{section.5}% 38
\BOOKMARK [1][-]{section.6}{Capitolato C5}{}% 39
\BOOKMARK [2][-]{subsection.6.1}{Titolo del capitolato}{section.6}% 40
\BOOKMARK [2][-]{subsection.6.2}{Descrizione del capitolo}{section.6}% 41
\BOOKMARK [2][-]{subsection.6.3}{Tecnologie coinvolte}{section.6}% 42
\BOOKMARK [2][-]{subsection.6.4}{Vincoli}{section.6}% 43
\BOOKMARK [2][-]{subsection.6.5}{Aspetti positivi}{section.6}% 44
\BOOKMARK [2][-]{subsection.6.6}{Aspetti critici}{section.6}% 45
\BOOKMARK [2][-]{subsection.6.7}{Conclusioni}{section.6}% 46
\BOOKMARK [1][-]{section.7}{Capitolato C6}{}% 47
\BOOKMARK [2][-]{subsection.7.1}{Titolo del capitolato}{section.7}% 48
\BOOKMARK [2][-]{subsection.7.2}{Descrizione del capitolo}{section.7}% 49
\BOOKMARK [2][-]{subsection.7.3}{Tecnologie coinvolte}{section.7}% 50
\BOOKMARK [2][-]{subsection.7.4}{Vincoli}{section.7}% 51
\BOOKMARK [2][-]{subsection.7.5}{Aspetti positivi}{section.7}% 52
\BOOKMARK [2][-]{subsection.7.6}{Aspetti critici}{section.7}% 53
\BOOKMARK [2][-]{subsection.7.7}{Conclusioni}{section.7}% 54
\BOOKMARK [1][-]{section.8}{Capitolato C7}{}% 55
\BOOKMARK [2][-]{subsection.8.1}{Titolo del capitolato}{section.8}% 56
\BOOKMARK [2][-]{subsection.8.2}{Descrizione del capitolo}{section.8}% 57
\BOOKMARK [2][-]{subsection.8.3}{Tecnologie coinvolte}{section.8}% 58
\BOOKMARK [2][-]{subsection.8.4}{Vincoli}{section.8}% 59
\BOOKMARK [2][-]{subsection.8.5}{Aspetti positivi}{section.8}% 60
\BOOKMARK [2][-]{subsection.8.6}{Aspetti critici}{section.8}% 61
\BOOKMARK [2][-]{subsection.8.7}{Conclusioni}{section.8}% 62
